Determining if the pthread_create exist failed with the following output:
Change Dir: /home/workspace/SFND_Lidar_Obstacle_Detection/src/quiz/cluster/build/CMakeFiles/CMakeTmp

Run Build Command:"/usr/bin/make" "cmTC_935ae/fast"
/usr/bin/make -f CMakeFiles/cmTC_935ae.dir/build.make CMakeFiles/cmTC_935ae.dir/build
make[1]: Entering directory '/home/workspace/SFND_Lidar_Obstacle_Detection/src/quiz/cluster/build/CMakeFiles/CMakeTmp'
Building C object CMakeFiles/cmTC_935ae.dir/CheckSymbolExists.c.o
/usr/bin/cc    -o CMakeFiles/cmTC_935ae.dir/CheckSymbolExists.c.o   -c /home/workspace/SFND_Lidar_Obstacle_Detection/src/quiz/cluster/build/CMakeFiles/CMakeTmp/CheckSymbolExists.c
Linking C executable cmTC_935ae
/usr/local/bin/cmake -E cmake_link_script CMakeFiles/cmTC_935ae.dir/link.txt --verbose=1
/usr/bin/cc      -rdynamic CMakeFiles/cmTC_935ae.dir/CheckSymbolExists.c.o  -o cmTC_935ae 
CMakeFiles/cmTC_935ae.dir/CheckSymbolExists.c.o: In function `main':
CheckSymbolExists.c:(.text+0x16): undefined reference to `pthread_create'
collect2: error: ld returned 1 exit status
CMakeFiles/cmTC_935ae.dir/build.make:86: recipe for target 'cmTC_935ae' failed
make[1]: *** [cmTC_935ae] Error 1
make[1]: Leaving directory '/home/workspace/SFND_Lidar_Obstacle_Detection/src/quiz/cluster/build/CMakeFiles/CMakeTmp'
Makefile:121: recipe for target 'cmTC_935ae/fast' failed
make: *** [cmTC_935ae/fast] Error 2

File /home/workspace/SFND_Lidar_Obstacle_Detection/src/quiz/cluster/build/CMakeFiles/CMakeTmp/CheckSymbolExists.c:
/* */
#include <pthread.h>

int main(int argc, char** argv)
{
  (void)argv;
#ifndef pthread_create
  return ((int*)(&pthread_create))[argc];
#else
  (void)argc;
  return 0;
#endif
}

Determining if the function pthread_create exists in the pthreads failed with the following output:
Change Dir: /home/workspace/SFND_Lidar_Obstacle_Detection/src/quiz/cluster/build/CMakeFiles/CMakeTmp

Run Build Command:"/usr/bin/make" "cmTC_74662/fast"
/usr/bin/make -f CMakeFiles/cmTC_74662.dir/build.make CMakeFiles/cmTC_74662.dir/build
make[1]: Entering directory '/home/workspace/SFND_Lidar_Obstacle_Detection/src/quiz/cluster/build/CMakeFiles/CMakeTmp'
Building C object CMakeFiles/cmTC_74662.dir/CheckFunctionExists.c.o
/usr/bin/cc   -DCHECK_FUNCTION_EXISTS=pthread_create   -o CMakeFiles/cmTC_74662.dir/CheckFunctionExists.c.o   -c /usr/local/share/cmake-3.13/Modules/CheckFunctionExists.c
Linking C executable cmTC_74662
/usr/local/bin/cmake -E cmake_link_script CMakeFiles/cmTC_74662.dir/link.txt --verbose=1
/usr/bin/cc  -DCHECK_FUNCTION_EXISTS=pthread_create    -rdynamic CMakeFiles/cmTC_74662.dir/CheckFunctionExists.c.o  -o cmTC_74662 -lpthreads 
/usr/bin/ld: cannot find -lpthreads
collect2: error: ld returned 1 exit status
CMakeFiles/cmTC_74662.dir/build.make:86: recipe for target 'cmTC_74662' failed
make[1]: *** [cmTC_74662] Error 1
make[1]: Leaving directory '/home/workspace/SFND_Lidar_Obstacle_Detection/src/quiz/cluster/build/CMakeFiles/CMakeTmp'
Makefile:121: recipe for target 'cmTC_74662/fast' failed
make: *** [cmTC_74662/fast] Error 2


